<?xml version="1.0" encoding="UTF-8"?>
<!-- Generated by org.testng.reporters.JUnitReportReporter -->
<testsuite hostname="INLEN8520042365" failures="0" tests="1" name="TestNG.Reports" time="84.951" errors="0" timestamp="15 Apr 2022 13:04:57 GMT" skipped="0">
  <testcase classname="TestNG.Reports" name="Mcd" time="84.951"/>
</testsuite> <!-- TestNG.Reports -->
