<?xml version="1.0" encoding="UTF-8"?>
<!-- Generated by org.testng.reporters.JUnitReportReporter -->
<testsuite hostname="INLEN8520042365" failures="0" tests="3" name="StepDefinition.TestRunner" time="61.442" errors="0" timestamp="18 Apr 2022 06:25:56 GMT" skipped="0">
  <testcase classname="StepDefinition.TestRunner" name="runScenario" time="17.442"/>
  <testcase classname="StepDefinition.TestRunner" name="runScenario" time="8.589"/>
  <testcase classname="StepDefinition.TestRunner" name="runScenario" time="35.411"/>
</testsuite> <!-- StepDefinition.TestRunner -->
